<?xml version="1.0" encoding="UTF-8"?>
<testsuite xmlns:xsi="http://www.w3.org/2001/XMLSchema-instance" xsi:noNamespaceSchemaLocation="https://maven.apache.org/surefire/maven-surefire-plugin/xsd/surefire-test-report.xsd" name="com.jd2.TRDacademy.dao.BaseDaoTest" time="0.382" tests="5" errors="0" skipped="0" failures="0">
  <properties>
[...]
</properties>
  <testcase name="delete" classname="com.jd2.TRDacademy.dao.BaseDaoTest" time="0.118"/>
  <testcase name="getAll" classname="com.jd2.TRDacademy.dao.BaseDaoTest" time="0.037"/>
  <testcase name="update" classname="com.jd2.TRDacademy.dao.BaseDaoTest" time="0.045"/>
  <testcase name="add" classname="com.jd2.TRDacademy.dao.BaseDaoTest" time="0.153"/>
  <testcase name="get" classname="com.jd2.TRDacademy.dao.BaseDaoTest" time="0.011"/>
</testsuite>